Compiling the C compiler identification source file "CMakeCCompilerId.c" failed.
Compiler: /usr/bin/clang 
Build flags: ;-march=armv6-m;-mcpu=cortex-m0plus;-mthumb
Id flags:  

The output was:
1
clang: error: unsupported argument 'armv6-m' to option '-march='


Compiling the C compiler identification source file "CMakeCCompilerId.c" failed.
Compiler: /usr/bin/clang 
Build flags: ;-march=armv6-m;-mcpu=cortex-m0plus;-mthumb
Id flags: -c 

The output was:
1
clang: error: unsupported argument 'armv6-m' to option '-march='


Compiling the C compiler identification source file "CMakeCCompilerId.c" failed.
Compiler: /usr/bin/clang 
Build flags: ;-march=armv6-m;-mcpu=cortex-m0plus;-mthumb
Id flags: -Aa 

The output was:
1
clang: error: unsupported argument 'armv6-m' to option '-march='


Compiling the C compiler identification source file "CMakeCCompilerId.c" failed.
Compiler: /usr/bin/clang 
Build flags: ;-march=armv6-m;-mcpu=cortex-m0plus;-mthumb
Id flags: -D__CLASSIC_C__ 

The output was:
1
clang: error: unsupported argument 'armv6-m' to option '-march='


Compiling the C compiler identification source file "CMakeCCompilerId.c" failed.
Compiler: /usr/bin/clang 
Build flags: ;-march=armv6-m;-mcpu=cortex-m0plus;-mthumb
Id flags: --target=arm-arm-none-eabi;-mcpu=cortex-m3 

The output was:
1
clang: error: unable to execute command: Executable "ld.lld" doesn't exist!
clang: error: ld.lld command failed with exit code 1 (use -v to see invocation)


Compiling the C compiler identification source file "CMakeCCompilerId.c" failed.
Compiler: /usr/bin/clang 
Build flags: ;-march=armv6-m;-mcpu=cortex-m0plus;-mthumb
Id flags: -c;-I__does_not_exist__ 

The output was:
1
clang: error: unsupported argument 'armv6-m' to option '-march='


Compiling the CXX compiler identification source file "CMakeCXXCompilerId.cpp" failed.
Compiler: /usr/bin/clang++ 
Build flags: ;-march=armv6-m;-mcpu=cortex-m0plus;-mthumb
Id flags:  

The output was:
1
clang++: error: unsupported argument 'armv6-m' to option '-march='


Compiling the CXX compiler identification source file "CMakeCXXCompilerId.cpp" failed.
Compiler: /usr/bin/clang++ 
Build flags: ;-march=armv6-m;-mcpu=cortex-m0plus;-mthumb
Id flags: -c 

The output was:
1
clang++: error: unsupported argument 'armv6-m' to option '-march='


Compiling the CXX compiler identification source file "CMakeCXXCompilerId.cpp" failed.
Compiler: /usr/bin/clang++ 
Build flags: ;-march=armv6-m;-mcpu=cortex-m0plus;-mthumb
Id flags: --c++ 

The output was:
1
clang++: error: unsupported option '--c++'
clang++: error: unsupported argument 'armv6-m' to option '-march='


Compiling the CXX compiler identification source file "CMakeCXXCompilerId.cpp" failed.
Compiler: /usr/bin/clang++ 
Build flags: ;-march=armv6-m;-mcpu=cortex-m0plus;-mthumb
Id flags: --ec++ 

The output was:
1
clang++: error: unsupported option '--ec++'
clang++: error: unsupported argument 'armv6-m' to option '-march='


Compiling the CXX compiler identification source file "CMakeCXXCompilerId.cpp" failed.
Compiler: /usr/bin/clang++ 
Build flags: ;-march=armv6-m;-mcpu=cortex-m0plus;-mthumb
Id flags: --target=arm-arm-none-eabi;-mcpu=cortex-m3 

The output was:
1
clang++: error: unable to execute command: Executable "ld.lld" doesn't exist!
clang++: error: ld.lld command failed with exit code 1 (use -v to see invocation)


Compiling the CXX compiler identification source file "CMakeCXXCompilerId.cpp" failed.
Compiler: /usr/bin/clang++ 
Build flags: ;-march=armv6-m;-mcpu=cortex-m0plus;-mthumb
Id flags: -c;-I__does_not_exist__ 

The output was:
1
clang++: error: unsupported argument 'armv6-m' to option '-march='


